[0812/190223.459:ERROR:process_info.cc(329)] VirtualQueryEx: Acceso denegado. (0x5)
[0812/190223.475:ERROR:process_info.cc(556)] ReadMemoryInfo failed
[0812/190223.381:ERROR:process_reader_win.cc(123)] NtOpenThread: {Acceso denegado} Un proceso ha solicitado acceso a un objeto, pero no se le han concedido esos derechos de acceso. (0xc0000022)
[0812/190223.381:ERROR:process_reader_win.cc(123)] NtOpenThread: {Acceso denegado} Un proceso ha solicitado acceso a un objeto, pero no se le han concedido esos derechos de acceso. (0xc0000022)
[0812/190223.459:ERROR:process_reader_win.cc(123)] NtOpenThread: {Acceso denegado} Un proceso ha solicitado acceso a un objeto, pero no se le han concedido esos derechos de acceso. (0xc0000022)
[0812/190223.803:ERROR:exception_snapshot_win.cc(98)] thread ID 8280 not found in process
[0812/190223.381:ERROR:process_reader_win.cc(123)] NtOpenThread: {Acceso denegado} Un proceso ha solicitado acceso a un objeto, pero no se le han concedido esos derechos de acceso. (0xc0000022)
[0812/190223.491:ERROR:process_reader_win.cc(123)] NtOpenThread: {Acceso denegado} Un proceso ha solicitado acceso a un objeto, pero no se le han concedido esos derechos de acceso. (0xc0000022)
[0812/190223.381:ERROR:process_reader_win.cc(123)] NtOpenThread: {Acceso denegado} Un proceso ha solicitado acceso a un objeto, pero no se le han concedido esos derechos de acceso. (0xc0000022)
[0812/190223.803:ERROR:exception_snapshot_win.cc(98)] thread ID 4352 not found in process
[0812/190223.803:ERROR:exception_snapshot_win.cc(98)] thread ID 728 not found in process
[0812/190223.475:ERROR:scoped_process_suspend.cc(40)] NtResumeProcess: Se intentó obtener acceso a un proceso que está cerrándose. (0xc000010a)
[0812/190223.381:ERROR:process_reader_win.cc(123)] NtOpenThread: {Acceso denegado} Un proceso ha solicitado acceso a un objeto, pero no se le han concedido esos derechos de acceso. (0xc0000022)
[0812/190223.803:ERROR:exception_snapshot_win.cc(98)] thread ID 2288 not found in process
[0812/190223.803:ERROR:exception_snapshot_win.cc(98)] thread ID 9656 not found in process
[0812/190223.803:ERROR:exception_snapshot_win.cc(98)] thread ID 12176 not found in process
[0812/190223.803:ERROR:exception_snapshot_win.cc(98)] thread ID 7748 not found in process
[0812/190223.803:ERROR:scoped_process_suspend.cc(40)] NtResumeProcess: Se intentó obtener acceso a un proceso que está cerrándose. (0xc000010a)
[0812/190223.803:ERROR:scoped_process_suspend.cc(40)] NtResumeProcess: Se intentó obtener acceso a un proceso que está cerrándose. (0xc000010a)
[0812/190223.803:ERROR:scoped_process_suspend.cc(40)] NtResumeProcess: Se intentó obtener acceso a un proceso que está cerrándose. (0xc000010a)
